<?xml version="1.0" encoding="UTF-8"?>
<!-- Generated by org.testng.reporters.JUnitReportReporter -->
<testsuite hostname="LAPTOP-6ROBNL6Q" failures="0" tests="1" name="ButtonFunctionality" time="6.474" errors="0" timestamp="2021-05-12T12:08:28 IST" skipped="0">
  <testcase classname="ButtonFunctionality" name="CheckHomeButton" time="6.474"/>
  <system-out/>
</testsuite> <!-- ButtonFunctionality -->
