<?xml version="1.0" encoding="UTF-8"?>
<!-- Generated by org.testng.reporters.JUnitReportReporter -->
<testsuite hostname="LAPTOP-6ROBNL6Q" failures="0" tests="1" name="FunctionalityTest" time="10.470" errors="0" timestamp="2021-05-07T14:46:24 IST" skipped="0">
  <testcase classname="FunctionalityTest" name="TestRegistrationForm" time="10.470"/>
  <system-out/>
</testsuite> <!-- FunctionalityTest -->
