<?xml version="1.0" encoding="UTF-8"?>
<!-- Generated by org.testng.reporters.JUnitReportReporter -->
<testsuite hostname="LAPTOP-6ROBNL6Q" failures="0" tests="1" name="DropDownHandle" time="2.616" errors="0" timestamp="2021-05-07T17:41:19 IST" skipped="0">
  <testcase classname="DropDownHandle" name="HandleDropDown" time="2.616"/>
  <system-out/>
</testsuite> <!-- DropDownHandle -->
