<?xml version="1.0" encoding="UTF-8"?>
<!-- Generated by org.testng.reporters.JUnitReportReporter -->
<testsuite hostname="LAPTOP-6ROBNL6Q" failures="0" tests="1" name="com.Pkg.UnorderedListHandle" time="47.571" errors="0" timestamp="2021-05-20T09:06:05 IST" skipped="0">
  <testcase classname="com.Pkg.UnorderedListHandle" name="HandleOrderedList" time="47.571"/>
  <system-out/>
</testsuite> <!-- com.Pkg.UnorderedListHandle -->
