<?xml version="1.0" encoding="UTF-8"?>
<!-- Generated by org.testng.reporters.JUnitReportReporter -->
<testsuite hostname="LAPTOP-6ROBNL6Q" failures="0" tests="1" name="TestNGAnnotation" time="1.691" errors="0" timestamp="2021-05-07T11:09:03 IST" skipped="0">
  <testcase classname="TestNGAnnotation" name="ClickOnEdit" time="1.691"/>
  <system-out/>
</testsuite> <!-- TestNGAnnotation -->
