<?xml version="1.0" encoding="UTF-8"?>
<!-- Generated by org.testng.reporters.JUnitReportReporter -->
<testsuite hostname="LAPTOP-6ROBNL6Q" failures="0" tests="1" name="com.Pkg.MultipleWindowsHandle" time="14.554" errors="0" timestamp="2021-05-19T10:14:21 IST" skipped="0">
  <testcase classname="com.Pkg.MultipleWindowsHandle" name="TestMultipleWindowHandle" time="14.554"/>
  <system-out/>
</testsuite> <!-- com.Pkg.MultipleWindowsHandle -->
