<?xml version="1.0" encoding="UTF-8"?>
<!-- Generated by org.testng.reporters.JUnitReportReporter -->
<testsuite hostname="LAPTOP-6ROBNL6Q" failures="0" tests="4" name="com.Pkg.DataProvider" time="68.236" errors="0" timestamp="2021-05-13T11:28:49 IST" skipped="0">
  <testcase classname="com.Pkg.DataProvider" name="LoginWithEmailID" time="16.834"/>
  <system-out/>
  <testcase classname="com.Pkg.DataProvider" name="LoginWithEmailID" time="26.579"/>
  <system-out/>
  <testcase classname="com.Pkg.DataProvider" name="LoginWithEmailID" time="14.545"/>
  <system-out/>
  <testcase classname="com.Pkg.DataProvider" name="DependsOnMethodExample" time="10.278"/>
  <system-out/>
</testsuite> <!-- com.Pkg.DataProvider -->
