<?xml version="1.0" encoding="UTF-8"?>
<!-- Generated by org.testng.reporters.JUnitReportReporter -->
<testsuite hostname="LAPTOP-6ROBNL6Q" failures="0" tests="1" name="com.Pkg.NestedFrames" time="17.039" errors="0" timestamp="2021-05-20T09:19:23 IST" skipped="0">
  <testcase classname="com.Pkg.NestedFrames" name="TestNestedFrame" time="17.039"/>
  <system-out/>
</testsuite> <!-- com.Pkg.NestedFrames -->
