<?xml version="1.0" encoding="UTF-8"?>
<!-- Generated by org.testng.reporters.JUnitReportReporter -->
<testsuite hostname="LAPTOP-6ROBNL6Q" failures="0" tests="1" name="com.Pkg.OrderedUnorderedListHandle" time="19.587" errors="0" timestamp="2021-05-19T11:10:14 IST" skipped="0">
  <testcase classname="com.Pkg.OrderedUnorderedListHandle" name="HandleOrderedList" time="19.587"/>
  <system-out/>
</testsuite> <!-- com.Pkg.OrderedUnorderedListHandle -->
