<?xml version="1.0" encoding="UTF-8"?>
<!-- Generated by org.testng.reporters.JUnitReportReporter -->
<testsuite hostname="LAPTOP-6ROBNL6Q" failures="0" tests="1" name="com.Pkg.ConfigPropAndCookieshandling" time="63.664" errors="0" timestamp="2021-05-24T09:26:00 IST" skipped="0">
  <testcase classname="com.Pkg.ConfigPropAndCookieshandling" name="PropAndCookies" time="63.664"/>
  <system-out/>
</testsuite> <!-- com.Pkg.ConfigPropAndCookieshandling -->
