<?xml version="1.0" encoding="UTF-8"?>
<!-- Generated by org.testng.reporters.JUnitReportReporter -->
<testsuite hostname="LAPTOP-6ROBNL6Q" failures="0" tests="1" name="DayOneTest" time="15.927" errors="0" timestamp="2021-05-12T09:39:05 IST" skipped="0">
  <testcase classname="DayOneTest" name="ClickOnEdit" time="15.927"/>
  <system-out/>
</testsuite> <!-- DayOneTest -->
