<?xml version="1.0" encoding="UTF-8"?>
<!-- Generated by org.testng.reporters.JUnitReportReporter -->
<testsuite hostname="LAPTOP-6ROBNL6Q" failures="0" tests="1" name="com.Pkg.ScrollBarHandle" time="28.211" errors="0" timestamp="2021-05-23T20:33:54 IST" skipped="0">
  <testcase classname="com.Pkg.ScrollBarHandle" name="HandleScrollBar" time="28.211"/>
  <system-out/>
</testsuite> <!-- com.Pkg.ScrollBarHandle -->
