<?xml version="1.0" encoding="UTF-8"?>
<!-- Generated by org.testng.reporters.JUnitReportReporter -->
<testsuite hostname="LAPTOP-6ROBNL6Q" failures="0" tests="1" name="PopUpsHandle" time="1.308" errors="0" timestamp="2021-05-07T15:29:54 IST" skipped="0">
  <testcase classname="PopUpsHandle" name="HandlePopUps" time="1.308"/>
  <system-out/>
</testsuite> <!-- PopUpsHandle -->
