<?xml version="1.0" encoding="UTF-8"?>
<!-- Generated by org.testng.reporters.JUnitReportReporter -->
<testsuite hostname="LAPTOP-6ROBNL6Q" failures="0" tests="1" name="com.Pkg.FunctionalityTest" time="8.236" errors="0" timestamp="2021-05-12T12:52:59 IST" skipped="0">
  <testcase classname="com.Pkg.FunctionalityTest" name="TestRegistrationForm" time="8.236"/>
  <system-out/>
</testsuite> <!-- com.Pkg.FunctionalityTest -->
