<?xml version="1.0" encoding="UTF-8"?>
<!-- Generated by org.testng.reporters.JUnitReportReporter -->
<testsuite hostname="LAPTOP-6ROBNL6Q" failures="0" tests="1" name="BasicCommands" time="29.964" errors="0" timestamp="2021-05-07T14:58:05 IST" skipped="0">
  <testcase classname="BasicCommands" name="TestBesicCommands" time="29.964"/>
  <system-out/>
</testsuite> <!-- BasicCommands -->
