<?xml version="1.0" encoding="UTF-8"?>
<!-- Generated by org.testng.reporters.JUnitReportReporter -->
<testsuite skipped="0" hostname="LAPTOP-6ROBNL6Q" name="com.Pkg.FunctionalityTest" tests="1" failures="0" timestamp="24 May 2021 04:57:58 GMT" time="17.057" errors="0">
  <testcase name="TestRegistrationForm" time="17.057" classname="com.Pkg.FunctionalityTest"/>
</testsuite> <!-- com.Pkg.FunctionalityTest -->
